
^^ Begin Report At: 2020-12-17 01:42:54
jason.martin83@protonmail.com already exists.
bobboyd72@aol.com already exists.
sanmrkfri@comcast.net already exists.
goodsonstamps@gmail.com already exists.
dceller@verizon.net already exists.
zack@historicalconquest.com already exists.
^^ End

^^ Begin Report At: 2020-12-17 21:16:32
--
bobboyd72@aol.com already exists.
--
--
sanmrkfri@comcast.net already exists.
--
--
goodsonstamps@gmail.com already exists.
--
--
dceller@verizon.net already exists.
--
--
test_sync@localhost.com already exists.
--
^^ End
